<?xml version="1.0" encoding="UTF-8"?>
<testng-results ignored="0" total="10" passed="10" failed="0" skipped="0">
  <reporter-output>
  </reporter-output>
  <suite started-at="2024-11-03T10:41:35 EST" name="Default suite" finished-at="2024-11-03T10:46:32 EST" duration-ms="297394">
    <groups>
      <group name="cucumber">
        <method signature="AbstractTestNGCucumberTests.runScenario(io.cucumber.testng.PickleWrapper,io.cucumber.testng.FeatureWrapper)[pri:0, instance:CucumberRunner.SalesforceRunner@5fbe4146]" name="runScenario" class="io.cucumber.testng.AbstractTestNGCucumberTests"/>
      </group> <!-- cucumber -->
    </groups>
    <test started-at="2024-11-03T10:41:35 EST" name="Default test" finished-at="2024-11-03T10:46:32 EST" duration-ms="297394">
      <class name="CucumberRunner.SalesforceRunner">
        <test-method is-config="true" signature="setUpClass(org.testng.ITestContext)[pri:0, instance:CucumberRunner.SalesforceRunner@5fbe4146]" started-at="2024-11-03T10:41:35 EST" name="setUpClass" finished-at="2024-11-03T10:41:36 EST" duration-ms="693" status="PASS">
          <params>
            <param index="0">
              <value>
                <![CDATA[org.testng.TestRunner@62dfe152]]>
              </value>
            </param>
          </params>
          <reporter-output>
          </reporter-output>
        </test-method> <!-- setUpClass -->
        <test-method signature="runScenario(io.cucumber.testng.PickleWrapper,io.cucumber.testng.FeatureWrapper)[pri:0, instance:CucumberRunner.SalesforceRunner@5fbe4146]" started-at="2024-11-03T10:41:36 EST" name="runScenario" description="Runs Cucumber Scenarios" data-provider="scenarios" finished-at="2024-11-03T10:42:05 EST" duration-ms="29855" status="PASS">
          <params>
            <param index="0">
              <value>
                <![CDATA["Landing on the Leads Page"]]>
              </value>
            </param>
            <param index="1">
              <value>
                <![CDATA["Salesforce Leads"]]>
              </value>
            </param>
          </params>
          <reporter-output>
          </reporter-output>
        </test-method> <!-- runScenario -->
        <test-method signature="runScenario(io.cucumber.testng.PickleWrapper,io.cucumber.testng.FeatureWrapper)[pri:0, instance:CucumberRunner.SalesforceRunner@5fbe4146]" started-at="2024-11-03T10:42:05 EST" name="runScenario" description="Runs Cucumber Scenarios" data-provider="scenarios" finished-at="2024-11-03T10:42:41 EST" duration-ms="36109" status="PASS">
          <params>
            <param index="0">
              <value>
                <![CDATA["Displaying Lead View"]]>
              </value>
            </param>
            <param index="1">
              <value>
                <![CDATA["Salesforce Leads"]]>
              </value>
            </param>
          </params>
          <reporter-output>
          </reporter-output>
        </test-method> <!-- runScenario -->
        <test-method signature="runScenario(io.cucumber.testng.PickleWrapper,io.cucumber.testng.FeatureWrapper)[pri:0, instance:CucumberRunner.SalesforceRunner@5fbe4146]" started-at="2024-11-03T10:42:41 EST" name="runScenario" description="Runs Cucumber Scenarios" data-provider="scenarios" finished-at="2024-11-03T10:43:00 EST" duration-ms="18806" status="PASS">
          <params>
            <param index="0">
              <value>
                <![CDATA["Login Error Message"]]>
              </value>
            </param>
            <param index="1">
              <value>
                <![CDATA["Salesforce Login and Home Functionalities"]]>
              </value>
            </param>
          </params>
          <reporter-output>
          </reporter-output>
        </test-method> <!-- runScenario -->
        <test-method signature="runScenario(io.cucumber.testng.PickleWrapper,io.cucumber.testng.FeatureWrapper)[pri:0, instance:CucumberRunner.SalesforceRunner@5fbe4146]" started-at="2024-11-03T10:43:00 EST" name="runScenario" description="Runs Cucumber Scenarios" data-provider="scenarios" finished-at="2024-11-03T10:43:20 EST" duration-ms="19463" status="PASS">
          <params>
            <param index="0">
              <value>
                <![CDATA["Successful Login"]]>
              </value>
            </param>
            <param index="1">
              <value>
                <![CDATA["Salesforce Login and Home Functionalities"]]>
              </value>
            </param>
          </params>
          <reporter-output>
          </reporter-output>
        </test-method> <!-- runScenario -->
        <test-method signature="runScenario(io.cucumber.testng.PickleWrapper,io.cucumber.testng.FeatureWrapper)[pri:0, instance:CucumberRunner.SalesforceRunner@5fbe4146]" started-at="2024-11-03T10:43:20 EST" name="runScenario" description="Runs Cucumber Scenarios" data-provider="scenarios" finished-at="2024-11-03T10:43:55 EST" duration-ms="35467" status="PASS">
          <params>
            <param index="0">
              <value>
                <![CDATA["Successful Logout"]]>
              </value>
            </param>
            <param index="1">
              <value>
                <![CDATA["Salesforce Login and Home Functionalities"]]>
              </value>
            </param>
          </params>
          <reporter-output>
          </reporter-output>
        </test-method> <!-- runScenario -->
        <test-method signature="runScenario(io.cucumber.testng.PickleWrapper,io.cucumber.testng.FeatureWrapper)[pri:0, instance:CucumberRunner.SalesforceRunner@5fbe4146]" started-at="2024-11-03T10:43:55 EST" name="runScenario" description="Runs Cucumber Scenarios" data-provider="scenarios" finished-at="2024-11-03T10:44:31 EST" duration-ms="36024" status="PASS">
          <params>
            <param index="0">
              <value>
                <![CDATA["Remember Me"]]>
              </value>
            </param>
            <param index="1">
              <value>
                <![CDATA["Salesforce Login and Home Functionalities"]]>
              </value>
            </param>
          </params>
          <reporter-output>
          </reporter-output>
        </test-method> <!-- runScenario -->
        <test-method signature="runScenario(io.cucumber.testng.PickleWrapper,io.cucumber.testng.FeatureWrapper)[pri:0, instance:CucumberRunner.SalesforceRunner@5fbe4146]" started-at="2024-11-03T10:44:31 EST" name="runScenario" description="Runs Cucumber Scenarios" data-provider="scenarios" finished-at="2024-11-03T10:44:59 EST" duration-ms="27294" status="PASS">
          <params>
            <param index="0">
              <value>
                <![CDATA["Developer Console"]]>
              </value>
            </param>
            <param index="1">
              <value>
                <![CDATA["Salesforce Login and Home Functionalities"]]>
              </value>
            </param>
          </params>
          <reporter-output>
          </reporter-output>
        </test-method> <!-- runScenario -->
        <test-method signature="runScenario(io.cucumber.testng.PickleWrapper,io.cucumber.testng.FeatureWrapper)[pri:0, instance:CucumberRunner.SalesforceRunner@5fbe4146]" started-at="2024-11-03T10:44:59 EST" name="runScenario" description="Runs Cucumber Scenarios" data-provider="scenarios" finished-at="2024-11-03T10:45:27 EST" duration-ms="28374" status="PASS">
          <params>
            <param index="0">
              <value>
                <![CDATA["Landing on the Oppurtunities Page"]]>
              </value>
            </param>
            <param index="1">
              <value>
                <![CDATA["Salesforce Oppurtunities"]]>
              </value>
            </param>
          </params>
          <reporter-output>
          </reporter-output>
        </test-method> <!-- runScenario -->
        <test-method signature="runScenario(io.cucumber.testng.PickleWrapper,io.cucumber.testng.FeatureWrapper)[pri:0, instance:CucumberRunner.SalesforceRunner@5fbe4146]" started-at="2024-11-03T10:45:27 EST" name="runScenario" description="Runs Cucumber Scenarios" data-provider="scenarios" finished-at="2024-11-03T10:45:59 EST" duration-ms="32496" status="PASS">
          <params>
            <param index="0">
              <value>
                <![CDATA["Viewing Pipeline"]]>
              </value>
            </param>
            <param index="1">
              <value>
                <![CDATA["Salesforce Oppurtunities"]]>
              </value>
            </param>
          </params>
          <reporter-output>
          </reporter-output>
        </test-method> <!-- runScenario -->
        <test-method signature="runScenario(io.cucumber.testng.PickleWrapper,io.cucumber.testng.FeatureWrapper)[pri:0, instance:CucumberRunner.SalesforceRunner@5fbe4146]" started-at="2024-11-03T10:45:59 EST" name="runScenario" description="Runs Cucumber Scenarios" data-provider="scenarios" finished-at="2024-11-03T10:46:32 EST" duration-ms="32621" status="PASS">
          <params>
            <param index="0">
              <value>
                <![CDATA["Viewing Stuck"]]>
              </value>
            </param>
            <param index="1">
              <value>
                <![CDATA["Salesforce Oppurtunities"]]>
              </value>
            </param>
          </params>
          <reporter-output>
          </reporter-output>
        </test-method> <!-- runScenario -->
        <test-method is-config="true" signature="tearDownClass()[pri:0, instance:CucumberRunner.SalesforceRunner@5fbe4146]" started-at="2024-11-03T10:46:32 EST" name="tearDownClass" finished-at="2024-11-03T10:46:32 EST" duration-ms="115" status="PASS">
          <reporter-output>
          </reporter-output>
        </test-method> <!-- tearDownClass -->
      </class> <!-- CucumberRunner.SalesforceRunner -->
    </test> <!-- Default test -->
  </suite> <!-- Default suite -->
</testng-results>
